<?xml version="1.0" encoding="UTF-8"?>
<testsuite xmlns:xsi="http://www.w3.org/2001/XMLSchema-instance" xsi:noNamespaceSchemaLocation="https://maven.apache.org/surefire/maven-surefire-plugin/xsd/surefire-test-report.xsd" name="com.ontariotechu.sofe3980U.AppTest" time="0.063" tests="6" errors="0" skipped="0" failures="0">
  <properties>
[...]
</properties>
  <testcase name="correctOutput1" classname="com.ontariotechu.sofe3980U.AppTest" time="0.006"/>
  <testcase name="correctOutput2" classname="com.ontariotechu.sofe3980U.AppTest" time="0"/>
  <testcase name="correctOutput3" classname="com.ontariotechu.sofe3980U.AppTest" time="0"/>
  <testcase name="correctOutput4" classname="com.ontariotechu.sofe3980U.AppTest" time="0"/>
  <testcase name="correctOutput5" classname="com.ontariotechu.sofe3980U.AppTest" time="0.001"/>
  <testcase name="correctOutput6" classname="com.ontariotechu.sofe3980U.AppTest" time="0"/>
</testsuite>